#
# There is insufficient memory for the Java Runtime Environment to continue.
# Native memory allocation (malloc) failed to allocate 481776 bytes for Chunk::new
# Possible reasons:
#   The system is out of physical RAM or swap space
#   The process is running with CompressedOops enabled, and the Java Heap may be blocking the growth of the native heap
# Possible solutions:
#   Reduce memory load on the system
#   Increase physical memory or swap space
#   Check if swap backing store is full
#   Decrease Java heap size (-Xmx/-Xms)
#   Decrease number of Java threads
#   Decrease Java thread stack sizes (-Xss)
#   Set larger code cache with -XX:ReservedCodeCacheSize=
#   JVM is running with Unscaled Compressed Oops mode in which the Java heap is
#     placed in the first 4GB address space. The Java Heap base address is the
#     maximum limit for the native heap growth. Please use -XX:HeapBaseMinAddress
#     to set the Java Heap base and to place the Java Heap above 4GB virtual address.
# This output file may be truncated or incomplete.
#
#  Out of Memory Error (arena.cpp:189), pid=7132, tid=23400
#
# JRE version: Java(TM) SE Runtime Environment (17.0.6+9) (build 17.0.6+9-LTS-190)
# Java VM: Java HotSpot(TM) 64-Bit Server VM (17.0.6+9-LTS-190, mixed mode, sharing, tiered, compressed oops, compressed class ptrs, g1 gc, windows-amd64)
# No core dump will be written. Minidumps are not enabled by default on client versions of Windows
#

---------------  S U M M A R Y ------------

Command Line: C:\Users\natha\AppData\Local\Temp\surefire15553357370866989066\surefirebooter197752506881621500.jar C:\Users\natha\AppData\Local\Temp\surefire15553357370866989066 2023-01-25T15-52-23_249-jvmRun1 surefire10325362208931453076tmp surefire_02064463740519887350tmp

Host: Intel(R) Celeron(R) N4020 CPU @ 1.10GHz, 2 cores, 3G,  Windows 11 , 64 bit Build 22621 (10.0.22621.1105)
Time: Wed Jan 25 15:52:30 2023 Hora oficial do Brasil elapsed time: 5.175732 seconds (0d 0h 0m 5s)

---------------  T H R E A D  ---------------

Current thread (0x000001b5fbe666e0):  JavaThread "C2 CompilerThread0" daemon [_thread_in_native, id=23400, stack(0x000000aed8a00000,0x000000aed8b00000)]


Current CompileTask:
C2:   5176  790       4       java.util.jar.JarFile::getEntry (35 bytes)

Stack: [0x000000aed8a00000,0x000000aed8b00000]
Native frames: (J=compiled Java code, j=interpreted, Vv=VM code, C=native code)
V  [jvm.dll+0x6734ea]
V  [jvm.dll+0x7d18f4]
V  [jvm.dll+0x7d309e]
V  [jvm.dll+0x7d3703]
V  [jvm.dll+0x2433c5]
V  [jvm.dll+0xaa46b]
V  [jvm.dll+0xaaa0c]
V  [jvm.dll+0x2a8b1f]
V  [jvm.dll+0x57bf85]
V  [jvm.dll+0x21e142]
V  [jvm.dll+0x2179dd]
V  [jvm.dll+0x215109]
V  [jvm.dll+0x1a1730]
V  [jvm.dll+0x224b6e]
V  [jvm.dll+0x222f15]
V  [jvm.dll+0x78753c]
V  [jvm.dll+0x781a7a]
V  [jvm.dll+0x672375]
C  [ucrtbase.dll+0x29363]
C  [KERNEL32.DLL+0x126bd]
C  [ntdll.dll+0x5dfb8]


---------------  P R O C E S S  ---------------

Threads class SMR info:
_java_thread_list=0x000001b5fcab31f0, length=14, elements={
0x000001b5f038a010, 0x000001b5fbe4b280, 0x000001b5fbe4de40, 0x000001b5fbe63c40,
0x000001b5fbe645f0, 0x000001b5fbe64fa0, 0x000001b5fbe65950, 0x000001b5fbe666e0,
0x000001b5fbe8bd60, 0x000001b5fbef3210, 0x000001b5fc991bb0, 0x000001b5fc994cf0,
0x000001b5fc9da6d0, 0x000001b5fcabbe60
}

Java Threads: ( => current thread )
  0x000001b5f038a010 JavaThread "main" [_thread_in_vm, id=8424, stack(0x000000aed7d00000,0x000000aed7e00000)]
  0x000001b5fbe4b280 JavaThread "Reference Handler" daemon [_thread_blocked, id=1648, stack(0x000000aed8400000,0x000000aed8500000)]
  0x000001b5fbe4de40 JavaThread "Finalizer" daemon [_thread_blocked, id=31064, stack(0x000000aed8500000,0x000000aed8600000)]
  0x000001b5fbe63c40 JavaThread "Signal Dispatcher" daemon [_thread_blocked, id=30364, stack(0x000000aed8600000,0x000000aed8700000)]
  0x000001b5fbe645f0 JavaThread "Attach Listener" daemon [_thread_blocked, id=20868, stack(0x000000aed8700000,0x000000aed8800000)]
  0x000001b5fbe64fa0 JavaThread "Service Thread" daemon [_thread_blocked, id=28920, stack(0x000000aed8800000,0x000000aed8900000)]
  0x000001b5fbe65950 JavaThread "Monitor Deflation Thread" daemon [_thread_blocked, id=25988, stack(0x000000aed8900000,0x000000aed8a00000)]
=>0x000001b5fbe666e0 JavaThread "C2 CompilerThread0" daemon [_thread_in_native, id=23400, stack(0x000000aed8a00000,0x000000aed8b00000)]
  0x000001b5fbe8bd60 JavaThread "C1 CompilerThread0" daemon [_thread_blocked, id=13484, stack(0x000000aed8b00000,0x000000aed8c00000)]
  0x000001b5fbef3210 JavaThread "Sweeper thread" daemon [_thread_blocked, id=31672, stack(0x000000aed8c00000,0x000000aed8d00000)]
  0x000001b5fc991bb0 JavaThread "Notification Thread" daemon [_thread_blocked, id=31308, stack(0x000000aed8d00000,0x000000aed8e00000)]
  0x000001b5fc994cf0 JavaThread "Common-Cleaner" daemon [_thread_blocked, id=30816, stack(0x000000aed8f00000,0x000000aed9000000)]
  0x000001b5fc9da6d0 JavaThread "surefire-forkedjvm-command-thread" daemon [_thread_in_native, id=12832, stack(0x000000aed9000000,0x000000aed9100000)]
  0x000001b5fcabbe60 JavaThread "surefire-forkedjvm-ping-30s" daemon [_thread_in_native, id=27380, stack(0x000000aed9100000,0x000000aed9200000)]

Other Threads:
  0x000001b5fbe457e0 VMThread "VM Thread" [stack: 0x000000aed8300000,0x000000aed8400000] [id=6712]
  0x000001b5fc9944a0 WatcherThread [stack: 0x000000aed8e00000,0x000000aed8f00000] [id=24088]
  0x000001b5f03c27c0 GCTaskThread "GC Thread#0" [stack: 0x000000aed7e00000,0x000000aed7f00000] [id=31144]
  0x000001b5fcb46310 GCTaskThread "GC Thread#1" [stack: 0x000000aed9200000,0x000000aed9300000] [id=30416]
  0x000001b5f03cad60 ConcurrentGCThread "G1 Main Marker" [stack: 0x000000aed7f00000,0x000000aed8000000] [id=31584]
  0x000001b5f03cddd0 ConcurrentGCThread "G1 Conc#0" [stack: 0x000000aed8000000,0x000000aed8100000] [id=120]
  0x000001b5f0401760 ConcurrentGCThread "G1 Refine#0" [stack: 0x000000aed8100000,0x000000aed8200000] [id=18172]
  0x000001b5fcb49070 ConcurrentGCThread "G1 Refine#1" [stack: 0x000000aed9300000,0x000000aed9400000] [id=30704]
  0x000001b5f0402020 ConcurrentGCThread "G1 Service" [stack: 0x000000aed8200000,0x000000aed8300000] [id=29196]

Threads with active compile tasks:
C2 CompilerThread0     5245  790       4       java.util.jar.JarFile::getEntry (35 bytes)

VM state: not at safepoint (normal execution)

VM Mutex/Monitor currently owned by a thread: None

Heap address: 0x00000000c5800000, size: 936 MB, Compressed Oops mode: 32-bit

CDS archive(s) mapped at: [0x0000000800000000-0x0000000800bd0000-0x0000000800bd0000), size 12386304, SharedBaseAddress: 0x0000000800000000, ArchiveRelocationMode: 0.
Compressed class space mapped at: 0x0000000800c00000-0x0000000840c00000, reserved size: 1073741824
Narrow klass base: 0x0000000800000000, Narrow klass shift: 0, Narrow klass range: 0x100000000

GC Precious Log:
 CPUs: 2 total, 2 available
 Memory: 3737M
 Large Page Support: Disabled
 NUMA Support: Disabled
 Compressed Oops: Enabled (32-bit)
 Heap Region Size: 1M
 Heap Min Capacity: 8M
 Heap Initial Capacity: 60M
 Heap Max Capacity: 936M
 Pre-touch: Disabled
 Parallel Workers: 2
 Concurrent Workers: 1
 Concurrent Refinement Workers: 2
 Periodic GC: Disabled

Heap:
 garbage-first heap   total 61440K, used 9611K [0x00000000c5800000, 0x0000000100000000)
  region size 1024K, 6 young (6144K), 1 survivors (1024K)
 Metaspace       used 2873K, committed 3072K, reserved 1056768K
  class space    used 288K, committed 384K, reserved 1048576K

Heap Regions: E=young(eden), S=young(survivor), O=old, HS=humongous(starts), HC=humongous(continues), CS=collection set, F=free, OA=open archive, CA=closed archive, TAMS=top-at-mark-start (previous, next)
|   0|0x00000000c5800000, 0x00000000c5900000, 0x00000000c5900000|100%| O|  |TAMS 0x00000000c5800000, 0x00000000c5800000| Untracked 
|   1|0x00000000c5900000, 0x00000000c5a00000, 0x00000000c5a00000|100%| O|  |TAMS 0x00000000c5900000, 0x00000000c5900000| Untracked 
|   2|0x00000000c5a00000, 0x00000000c5b00000, 0x00000000c5b00000|100%| O|  |TAMS 0x00000000c5a00000, 0x00000000c5a00000| Untracked 
|   3|0x00000000c5b00000, 0x00000000c5b62e00, 0x00000000c5c00000| 38%| O|  |TAMS 0x00000000c5b00000, 0x00000000c5b00000| Untracked 
|   4|0x00000000c5c00000, 0x00000000c5d00000, 0x00000000c5d00000|100%|HS|  |TAMS 0x00000000c5c00000, 0x00000000c5c00000| Complete 
|   5|0x00000000c5d00000, 0x00000000c5d00000, 0x00000000c5e00000|  0%| F|  |TAMS 0x00000000c5d00000, 0x00000000c5d00000| Untracked 
|   6|0x00000000c5e00000, 0x00000000c5e00000, 0x00000000c5f00000|  0%| F|  |TAMS 0x00000000c5e00000, 0x00000000c5e00000| Untracked 
|   7|0x00000000c5f00000, 0x00000000c5f00000, 0x00000000c6000000|  0%| F|  |TAMS 0x00000000c5f00000, 0x00000000c5f00000| Untracked 
|   8|0x00000000c6000000, 0x00000000c6000000, 0x00000000c6100000|  0%| F|  |TAMS 0x00000000c6000000, 0x00000000c6000000| Untracked 
|   9|0x00000000c6100000, 0x00000000c6100000, 0x00000000c6200000|  0%| F|  |TAMS 0x00000000c6100000, 0x00000000c6100000| Untracked 
|  10|0x00000000c6200000, 0x00000000c6200000, 0x00000000c6300000|  0%| F|  |TAMS 0x00000000c6200000, 0x00000000c6200000| Untracked 
|  11|0x00000000c6300000, 0x00000000c6300000, 0x00000000c6400000|  0%| F|  |TAMS 0x00000000c6300000, 0x00000000c6300000| Untracked 
|  12|0x00000000c6400000, 0x00000000c6400000, 0x00000000c6500000|  0%| F|  |TAMS 0x00000000c6400000, 0x00000000c6400000| Untracked 
|  13|0x00000000c6500000, 0x00000000c6500000, 0x00000000c6600000|  0%| F|  |TAMS 0x00000000c6500000, 0x00000000c6500000| Untracked 
|  14|0x00000000c6600000, 0x00000000c6600000, 0x00000000c6700000|  0%| F|  |TAMS 0x00000000c6600000, 0x00000000c6600000| Untracked 
|  15|0x00000000c6700000, 0x00000000c6700000, 0x00000000c6800000|  0%| F|  |TAMS 0x00000000c6700000, 0x00000000c6700000| Untracked 
|  16|0x00000000c6800000, 0x00000000c6800000, 0x00000000c6900000|  0%| F|  |TAMS 0x00000000c6800000, 0x00000000c6800000| Untracked 
|  17|0x00000000c6900000, 0x00000000c6900000, 0x00000000c6a00000|  0%| F|  |TAMS 0x00000000c6900000, 0x00000000c6900000| Untracked 
|  18|0x00000000c6a00000, 0x00000000c6a00000, 0x00000000c6b00000|  0%| F|  |TAMS 0x00000000c6a00000, 0x00000000c6a00000| Untracked 
|  19|0x00000000c6b00000, 0x00000000c6b00000, 0x00000000c6c00000|  0%| F|  |TAMS 0x00000000c6b00000, 0x00000000c6b00000| Untracked 
|  20|0x00000000c6c00000, 0x00000000c6c00000, 0x00000000c6d00000|  0%| F|  |TAMS 0x00000000c6c00000, 0x00000000c6c00000| Untracked 
|  21|0x00000000c6d00000, 0x00000000c6d00000, 0x00000000c6e00000|  0%| F|  |TAMS 0x00000000c6d00000, 0x00000000c6d00000| Untracked 
|  22|0x00000000c6e00000, 0x00000000c6e00000, 0x00000000c6f00000|  0%| F|  |TAMS 0x00000000c6e00000, 0x00000000c6e00000| Untracked 
|  23|0x00000000c6f00000, 0x00000000c6f00000, 0x00000000c7000000|  0%| F|  |TAMS 0x00000000c6f00000, 0x00000000c6f00000| Untracked 
|  24|0x00000000c7000000, 0x00000000c7000000, 0x00000000c7100000|  0%| F|  |TAMS 0x00000000c7000000, 0x00000000c7000000| Untracked 
|  25|0x00000000c7100000, 0x00000000c7100000, 0x00000000c7200000|  0%| F|  |TAMS 0x00000000c7100000, 0x00000000c7100000| Untracked 
|  26|0x00000000c7200000, 0x00000000c7200000, 0x00000000c7300000|  0%| F|  |TAMS 0x00000000c7200000, 0x00000000c7200000| Untracked 
|  27|0x00000000c7300000, 0x00000000c7300000, 0x00000000c7400000|  0%| F|  |TAMS 0x00000000c7300000, 0x00000000c7300000| Untracked 
|  28|0x00000000c7400000, 0x00000000c7400000, 0x00000000c7500000|  0%| F|  |TAMS 0x00000000c7400000, 0x00000000c7400000| Untracked 
|  29|0x00000000c7500000, 0x00000000c7500000, 0x00000000c7600000|  0%| F|  |TAMS 0x00000000c7500000, 0x00000000c7500000| Untracked 
|  30|0x00000000c7600000, 0x00000000c7600000, 0x00000000c7700000|  0%| F|  |TAMS 0x00000000c7600000, 0x00000000c7600000| Untracked 
|  31|0x00000000c7700000, 0x00000000c7700000, 0x00000000c7800000|  0%| F|  |TAMS 0x00000000c7700000, 0x00000000c7700000| Untracked 
|  32|0x00000000c7800000, 0x00000000c7800000, 0x00000000c7900000|  0%| F|  |TAMS 0x00000000c7800000, 0x00000000c7800000| Untracked 
|  33|0x00000000c7900000, 0x00000000c7900000, 0x00000000c7a00000|  0%| F|  |TAMS 0x00000000c7900000, 0x00000000c7900000| Untracked 
|  34|0x00000000c7a00000, 0x00000000c7a00000, 0x00000000c7b00000|  0%| F|  |TAMS 0x00000000c7a00000, 0x00000000c7a00000| Untracked 
|  35|0x00000000c7b00000, 0x00000000c7b00000, 0x00000000c7c00000|  0%| F|  |TAMS 0x00000000c7b00000, 0x00000000c7b00000| Untracked 
|  36|0x00000000c7c00000, 0x00000000c7c00000, 0x00000000c7d00000|  0%| F|  |TAMS 0x00000000c7c00000, 0x00000000c7c00000| Untracked 
|  37|0x00000000c7d00000, 0x00000000c7d00000, 0x00000000c7e00000|  0%| F|  |TAMS 0x00000000c7d00000, 0x00000000c7d00000| Untracked 
|  38|0x00000000c7e00000, 0x00000000c7e00000, 0x00000000c7f00000|  0%| F|  |TAMS 0x00000000c7e00000, 0x00000000c7e00000| Untracked 
|  39|0x00000000c7f00000, 0x00000000c7f00000, 0x00000000c8000000|  0%| F|  |TAMS 0x00000000c7f00000, 0x00000000c7f00000| Untracked 
|  40|0x00000000c8000000, 0x00000000c8000000, 0x00000000c8100000|  0%| F|  |TAMS 0x00000000c8000000, 0x00000000c8000000| Untracked 
|  41|0x00000000c8100000, 0x00000000c8100000, 0x00000000c8200000|  0%| F|  |TAMS 0x00000000c8100000, 0x00000000c8100000| Untracked 
|  42|0x00000000c8200000, 0x00000000c8200000, 0x00000000c8300000|  0%| F|  |TAMS 0x00000000c8200000, 0x00000000c8200000| Untracked 
|  43|0x00000000c8300000, 0x00000000c8300000, 0x00000000c8400000|  0%| F|  |TAMS 0x00000000c8300000, 0x00000000c8300000| Untracked 
|  44|0x00000000c8400000, 0x00000000c8400000, 0x00000000c8500000|  0%| F|  |TAMS 0x00000000c8400000, 0x00000000c8400000| Untracked 
|  45|0x00000000c8500000, 0x00000000c8500000, 0x00000000c8600000|  0%| F|  |TAMS 0x00000000c8500000, 0x00000000c8500000| Untracked 
|  46|0x00000000c8600000, 0x00000000c8600000, 0x00000000c8700000|  0%| F|  |TAMS 0x00000000c8600000, 0x00000000c8600000| Untracked 
|  47|0x00000000c8700000, 0x00000000c8700000, 0x00000000c8800000|  0%| F|  |TAMS 0x00000000c8700000, 0x00000000c8700000| Untracked 
|  48|0x00000000c8800000, 0x00000000c8800000, 0x00000000c8900000|  0%| F|  |TAMS 0x00000000c8800000, 0x00000000c8800000| Untracked 
|  49|0x00000000c8900000, 0x00000000c8900000, 0x00000000c8a00000|  0%| F|  |TAMS 0x00000000c8900000, 0x00000000c8900000| Untracked 
|  50|0x00000000c8a00000, 0x00000000c8a00000, 0x00000000c8b00000|  0%| F|  |TAMS 0x00000000c8a00000, 0x00000000c8a00000| Untracked 
|  51|0x00000000c8b00000, 0x00000000c8b00000, 0x00000000c8c00000|  0%| F|  |TAMS 0x00000000c8b00000, 0x00000000c8b00000| Untracked 
|  52|0x00000000c8c00000, 0x00000000c8c00000, 0x00000000c8d00000|  0%| F|  |TAMS 0x00000000c8c00000, 0x00000000c8c00000| Untracked 
|  53|0x00000000c8d00000, 0x00000000c8d00000, 0x00000000c8e00000|  0%| F|  |TAMS 0x00000000c8d00000, 0x00000000c8d00000| Untracked 
|  54|0x00000000c8e00000, 0x00000000c8eab658, 0x00000000c8f00000| 66%| E|  |TAMS 0x00000000c8e00000, 0x00000000c8e00000| Complete 
|  55|0x00000000c8f00000, 0x00000000c9000000, 0x00000000c9000000|100%| E|CS|TAMS 0x00000000c8f00000, 0x00000000c8f00000| Complete 
|  56|0x00000000c9000000, 0x00000000c9100000, 0x00000000c9100000|100%| E|CS|TAMS 0x00000000c9000000, 0x00000000c9000000| Complete 
|  57|0x00000000c9100000, 0x00000000c9200000, 0x00000000c9200000|100%| S|CS|TAMS 0x00000000c9100000, 0x00000000c9100000| Complete 
|  58|0x00000000c9200000, 0x00000000c9300000, 0x00000000c9300000|100%| E|CS|TAMS 0x00000000c9200000, 0x00000000c9200000| Complete 
|  59|0x00000000c9300000, 0x00000000c9400000, 0x00000000c9400000|100%| E|CS|TAMS 0x00000000c9300000, 0x00000000c9300000| Complete 

Card table byte_map: [0x000001b5f0140000,0x000001b5f0320000] _byte_map_base: 0x000001b5efb14000

Marking Bits (Prev, Next): (CMBitMap*) 0x000001b5f03c2dd0, (CMBitMap*) 0x000001b5f03c2e10
 Prev Bits: [0x000001b5f7df0000, 0x000001b5f8c90000)
 Next Bits: [0x000001b5f8c90000, 0x000001b5f9b30000)

Polling page: 0x000001b5ee370000

Metaspace:

Usage:
  Non-class:      2.52 MB used.
      Class:    288.40 KB used.
       Both:      2.81 MB used.

Virtual space:
  Non-class space:        8.00 MB reserved,       2.62 MB ( 33%) committed,  1 nodes.
      Class space:        1.00 GB reserved,     384.00 KB ( <1%) committed,  1 nodes.
             Both:        1.01 GB reserved,       3.00 MB ( <1%) committed. 

Chunk freelists:
   Non-Class:  3.11 MB
       Class:  3.61 MB
        Both:  6.72 MB

MaxMetaspaceSize: unlimited
CompressedClassSpaceSize: 1.00 GB
Initial GC threshold: 21.00 MB
Current GC threshold: 21.00 MB
CDS: on
MetaspaceReclaimPolicy: balanced
 - commit_granule_bytes: 65536.
 - commit_granule_words: 8192.
 - virtual_space_node_default_size: 1048576.
 - enlarge_chunks_in_place: 1.
 - new_chunks_are_fully_committed: 0.
 - uncommit_free_chunks: 1.
 - use_allocation_guard: 0.
 - handle_deallocations: 1.


Internal statistics:

num_allocs_failed_limit: 0.
num_arena_births: 36.
num_arena_deaths: 0.
num_vsnodes_births: 2.
num_vsnodes_deaths: 0.
num_space_committed: 48.
num_space_uncommitted: 0.
num_chunks_returned_to_freelist: 0.
num_chunks_taken_from_freelist: 116.
num_chunk_merges: 0.
num_chunk_splits: 59.
num_chunks_enlarged: 34.
num_purges: 0.
num_inconsistent_stats: 0.

CodeHeap 'non-profiled nmethods': size=120064Kb used=246Kb max_used=246Kb free=119817Kb
 bounds [0x000001b587ac0000, 0x000001b587d30000, 0x000001b58f000000]
CodeHeap 'profiled nmethods': size=120000Kb used=1496Kb max_used=1496Kb free=118503Kb
 bounds [0x000001b580000000, 0x000001b580270000, 0x000001b587530000]
CodeHeap 'non-nmethods': size=5696Kb used=1142Kb max_used=1161Kb free=4553Kb
 bounds [0x000001b587530000, 0x000001b5877a0000, 0x000001b587ac0000]
 total_blobs=1231 nmethods=799 adapters=346
 compilation: enabled
              stopped_count=0, restarted_count=0
 full_count=0

Compilation events (20 events):
Event: 5.043 Thread 0x000001b5fbe666e0 nmethod 783 0x000001b587af9b90 code [0x000001b587af9d00, 0x000001b587af9d78]
Event: 5.046 Thread 0x000001b5fbe666e0  784       4       java.util.zip.ZipUtils::CENNAM (9 bytes)
Event: 5.048 Thread 0x000001b5fbe666e0 nmethod 784 0x000001b587af9e90 code [0x000001b587afa000, 0x000001b587afa0b8]
Event: 5.049 Thread 0x000001b5fbe666e0  785   !   4       jdk.internal.loader.URLClassPath$JarLoader::ensureOpen (36 bytes)
Event: 5.051 Thread 0x000001b5fbe666e0 nmethod 785 0x000001b587afa190 code [0x000001b587afa320, 0x000001b587afa468]
Event: 5.051 Thread 0x000001b5fbe666e0  786  s!   4       jdk.internal.loader.URLClassPath::getLoader (194 bytes)
Event: 5.058 Thread 0x000001b5fbe8bd60  788       3       jdk.internal.org.objectweb.asm.MethodWriter::visitVarInsn (302 bytes)
Event: 5.059 Thread 0x000001b5fbe8bd60 nmethod 788 0x000001b58016f210 code [0x000001b58016f460, 0x000001b58016fe08]
Event: 5.100 Thread 0x000001b5fbe8bd60  791       3       jdk.internal.org.objectweb.asm.ByteVector::<init> (13 bytes)
Event: 5.100 Thread 0x000001b5fbe8bd60 nmethod 791 0x000001b580170090 code [0x000001b580170240, 0x000001b5801704b8]
Event: 5.106 Thread 0x000001b5fbe666e0 nmethod 786 0x000001b587afad10 code [0x000001b587afaf80, 0x000001b587afc4f0]
Event: 5.106 Thread 0x000001b5fbe666e0  790       4       java.util.jar.JarFile::getEntry (35 bytes)
Event: 5.123 Thread 0x000001b5fbe8bd60  792       1       java.lang.invoke.InfoFromMemberName::getReferenceKind (5 bytes)
Event: 5.123 Thread 0x000001b5fbe8bd60 nmethod 792 0x000001b587afd110 code [0x000001b587afd2a0, 0x000001b587afd378]
Event: 5.150 Thread 0x000001b5fbe8bd60  794       3       java.lang.invoke.MethodHandles$Lookup::<init> (84 bytes)
Event: 5.150 Thread 0x000001b5fbe8bd60 nmethod 794 0x000001b580170590 code [0x000001b580170740, 0x000001b580170978]
Event: 5.162 Thread 0x000001b5fbe8bd60  795       1       jdk.internal.org.objectweb.asm.MethodWriter::hasAsmInstructions (5 bytes)
Event: 5.162 Thread 0x000001b5fbe8bd60 nmethod 795 0x000001b587afd410 code [0x000001b587afd5a0, 0x000001b587afd678]
Event: 5.162 Thread 0x000001b5fbe8bd60  796       3       jdk.internal.org.objectweb.asm.Handler::getExceptionTableSize (10 bytes)
Event: 5.163 Thread 0x000001b5fbe8bd60 nmethod 796 0x000001b580170a10 code [0x000001b580170bc0, 0x000001b580170db8]

GC Heap History (4 events):
Event: 3.442 GC heap before
{Heap before GC invocations=0 (full 0):
 garbage-first heap   total 61440K, used 6144K [0x00000000c5800000, 0x0000000100000000)
  region size 1024K, 6 young (6144K), 0 survivors (0K)
 Metaspace       used 1854K, committed 1984K, reserved 1056768K
  class space    used 179K, committed 192K, reserved 1048576K
}
Event: 3.456 GC heap after
{Heap after GC invocations=1 (full 0):
 garbage-first heap   total 61440K, used 2992K [0x00000000c5800000, 0x0000000100000000)
  region size 1024K, 1 young (1024K), 1 survivors (1024K)
 Metaspace       used 1854K, committed 1984K, reserved 1056768K
  class space    used 179K, committed 192K, reserved 1048576K
}
Event: 4.100 GC heap before
{Heap before GC invocations=1 (full 0):
 garbage-first heap   total 61440K, used 4016K [0x00000000c5800000, 0x0000000100000000)
  region size 1024K, 3 young (3072K), 1 survivors (1024K)
 Metaspace       used 1920K, committed 2048K, reserved 1056768K
  class space    used 180K, committed 192K, reserved 1048576K
}
Event: 4.104 GC heap after
{Heap after GC invocations=2 (full 0):
 garbage-first heap   total 61440K, used 4491K [0x00000000c5800000, 0x0000000100000000)
  region size 1024K, 1 young (1024K), 1 survivors (1024K)
 Metaspace       used 1920K, committed 2048K, reserved 1056768K
  class space    used 180K, committed 192K, reserved 1048576K
}

Deoptimization events (20 events):
Event: 2.935 Thread 0x000001b5f038a010 DEOPT PACKING pc=0x000001b587ac795c sp=0x000000aed7dfe5e0
Event: 2.935 Thread 0x000001b5f038a010 DEOPT UNPACKING pc=0x000001b58758239d sp=0x000000aed7dfe570 mode 2
Event: 3.033 Thread 0x000001b5f038a010 Uncommon trap: trap_request=0xffffff45 fr.pc=0x000001b587ad0af0 relative=0x00000000000001d0
Event: 3.033 Thread 0x000001b5f038a010 Uncommon trap: reason=unstable_if action=reinterpret pc=0x000001b587ad0af0 method=java.util.StringTokenizer.scanToken(I)I @ 42 c2
Event: 3.033 Thread 0x000001b5f038a010 DEOPT PACKING pc=0x000001b587ad0af0 sp=0x000000aed7dfe610
Event: 3.033 Thread 0x000001b5f038a010 DEOPT UNPACKING pc=0x000001b58758239d sp=0x000000aed7dfe5b0 mode 2
Event: 3.155 Thread 0x000001b5f038a010 DEOPT PACKING pc=0x000001b58002ad0c sp=0x000000aed7dfdfb0
Event: 3.155 Thread 0x000001b5f038a010 DEOPT UNPACKING pc=0x000001b587582b24 sp=0x000000aed7dfd440 mode 0
Event: 3.155 Thread 0x000001b5f038a010 DEOPT PACKING pc=0x000001b58002ad0c sp=0x000000aed7dfdfb0
Event: 3.155 Thread 0x000001b5f038a010 DEOPT UNPACKING pc=0x000001b587582b24 sp=0x000000aed7dfd440 mode 0
Event: 3.156 Thread 0x000001b5f038a010 DEOPT PACKING pc=0x000001b58002ad0c sp=0x000000aed7dfdfb0
Event: 3.156 Thread 0x000001b5f038a010 DEOPT UNPACKING pc=0x000001b587582b24 sp=0x000000aed7dfd440 mode 0
Event: 3.160 Thread 0x000001b5f038a010 DEOPT PACKING pc=0x000001b58002ad0c sp=0x000000aed7dfdfb0
Event: 3.160 Thread 0x000001b5f038a010 DEOPT UNPACKING pc=0x000001b587582b24 sp=0x000000aed7dfd440 mode 0
Event: 3.933 Thread 0x000001b5f038a010 DEOPT PACKING pc=0x000001b58001a0e8 sp=0x000000aed7dfe110
Event: 3.934 Thread 0x000001b5f038a010 DEOPT UNPACKING pc=0x000001b587582b24 sp=0x000000aed7dfd5a0 mode 0
Event: 4.331 Thread 0x000001b5f038a010 DEOPT PACKING pc=0x000001b5800d16ac sp=0x000000aed7dfe0c0
Event: 4.331 Thread 0x000001b5f038a010 DEOPT UNPACKING pc=0x000001b587582b24 sp=0x000000aed7dfd570 mode 0
Event: 5.013 Thread 0x000001b5f038a010 DEOPT PACKING pc=0x000001b5800c29e5 sp=0x000000aed7dfa3e0
Event: 5.013 Thread 0x000001b5f038a010 DEOPT UNPACKING pc=0x000001b587582b24 sp=0x000000aed7df9830 mode 0

Classes unloaded (0 events):
No events

Classes redefined (0 events):
No events

Internal exceptions (11 events):
Event: 2.646 Thread 0x000001b5f038a010 Exception <a 'java/lang/NoSuchMethodError'{0x00000000c92a4070}: 'java.lang.Object java.lang.invoke.DirectMethodHandle$Holder.invokeStaticInit(java.lang.Object)'> (0x00000000c92a4070) 
thrown [s\open\src\hotspot\share\interpreter\linkResolver.cpp, line 759]
Event: 2.742 Thread 0x000001b5f038a010 Exception <a 'java/lang/NoSuchMethodError'{0x00000000c92d9dd0}: 'int java.lang.invoke.DirectMethodHandle$Holder.invokeSpecial(java.lang.Object, java.lang.Object, java.lang.Object)'> (0x00000000c92d9dd0) 
thrown [s\open\src\hotspot\share\interpreter\linkResolver.cpp, line 759]
Event: 3.038 Thread 0x000001b5fcabbe60 Exception <a 'java/lang/NoSuchMethodError'{0x00000000c8f1f410}: 'void java.lang.invoke.DirectMethodHandle$Holder.invokeStatic(java.lang.Object, long)'> (0x00000000c8f1f410) 
thrown [s\open\src\hotspot\share\interpreter\linkResolver.cpp, line 759]
Event: 3.039 Thread 0x000001b5fcabbe60 Exception <a 'java/lang/NoSuchMethodError'{0x00000000c8f24b00}: 'java.lang.Object java.lang.invoke.DirectMethodHandle$Holder.newInvokeSpecial(java.lang.Object, long)'> (0x00000000c8f24b00) 
thrown [s\open\src\hotspot\share\interpreter\linkResolver.cpp, line 759]
Event: 3.062 Thread 0x000001b5fcabbe60 Exception <a 'java/lang/NoSuchMethodError'{0x00000000c8f30668}: 'java.lang.Object java.lang.invoke.DirectMethodHandle$Holder.invokeStaticInit(java.lang.Object, java.lang.Object, long, java.lang.Object)'> (0x00000000c8f30668) 
thrown [s\open\src\hotspot\share\interpreter\linkResolver.cpp, line 759]
Event: 3.102 Thread 0x000001b5fcabbe60 Exception <a 'java/lang/NoSuchMethodError'{0x00000000c8f36d28}: 'java.lang.Object java.lang.invoke.DirectMethodHandle$Holder.newInvokeSpecial(java.lang.Object, java.lang.Object, long)'> (0x00000000c8f36d28) 
thrown [s\open\src\hotspot\share\interpreter\linkResolver.cpp, line 759]
Event: 3.103 Thread 0x000001b5fcabbe60 Exception <a 'java/lang/NoSuchMethodError'{0x00000000c8f3b018}: 'java.lang.Object java.lang.invoke.Invokers$Holder.linkToTargetMethod(java.lang.Object, long, java.lang.Object)'> (0x00000000c8f3b018) 
thrown [s\open\src\hotspot\share\interpreter\linkResolver.cpp, line 759]
Event: 4.762 Thread 0x000001b5f038a010 Exception <a 'java/lang/NoSuchMethodError'{0x00000000c90c8118}: 'void java.lang.invoke.DirectMethodHandle$Holder.invokeStatic(java.lang.Object, java.lang.Object, java.lang.Object)'> (0x00000000c90c8118) 
thrown [s\open\src\hotspot\share\interpreter\linkResolver.cpp, line 759]
Event: 4.869 Thread 0x000001b5f038a010 Exception <a 'java/lang/NoSuchMethodError'{0x00000000c8f768a8}: 'void java.lang.invoke.DirectMethodHandle$Holder.invokeSpecial(java.lang.Object, java.lang.Object, java.lang.Object)'> (0x00000000c8f768a8) 
thrown [s\open\src\hotspot\share\interpreter\linkResolver.cpp, line 759]
Event: 4.915 Thread 0x000001b5f038a010 Exception <a 'java/lang/NoSuchMethodError'{0x00000000c8fa60e0}: 'int java.lang.invoke.DirectMethodHandle$Holder.invokeVirtual(java.lang.Object, java.lang.Object)'> (0x00000000c8fa60e0) 
thrown [s\open\src\hotspot\share\interpreter\linkResolver.cpp, line 759]
Event: 4.932 Thread 0x000001b5f038a010 Exception <a 'java/lang/NoSuchMethodError'{0x00000000c8fc4e00}: 'java.lang.Object java.lang.invoke.DirectMethodHandle$Holder.invokeStaticInit(java.lang.Object, int)'> (0x00000000c8fc4e00) 
thrown [s\open\src\hotspot\share\interpreter\linkResolver.cpp, line 759]

VM Operations (18 events):
Event: 1.066 Executing VM operation: Cleanup
Event: 1.066 Executing VM operation: Cleanup done
Event: 1.485 Executing VM operation: HandshakeAllThreads
Event: 1.485 Executing VM operation: HandshakeAllThreads done
Event: 2.966 Executing VM operation: HandshakeAllThreads
Event: 2.967 Executing VM operation: HandshakeAllThreads done
Event: 2.967 Executing VM operation: Cleanup
Event: 2.967 Executing VM operation: Cleanup done
Event: 2.969 Executing VM operation: HandshakeAllThreads
Event: 2.969 Executing VM operation: HandshakeAllThreads done
Event: 3.442 Executing VM operation: G1CollectForAllocation
Event: 3.456 Executing VM operation: G1CollectForAllocation done
Event: 4.100 Executing VM operation: G1CollectForAllocation
Event: 4.104 Executing VM operation: G1CollectForAllocation done
Event: 4.719 Executing VM operation: HandshakeAllThreads
Event: 4.719 Executing VM operation: HandshakeAllThreads done
Event: 4.843 Executing VM operation: HandshakeAllThreads
Event: 4.843 Executing VM operation: HandshakeAllThreads done

Events (20 events):
Event: 4.916 loading class java/util/stream/MatchOps$MatchKind
Event: 4.917 loading class java/util/stream/MatchOps$MatchKind done
Event: 4.918 loading class java/util/stream/MatchOps
Event: 4.918 loading class java/util/stream/MatchOps done
Event: 4.918 loading class java/util/stream/MatchOps$MatchOp
Event: 4.918 loading class java/util/stream/MatchOps$MatchOp done
Event: 4.918 loading class java/util/stream/MatchOps$BooleanTerminalSink
Event: 4.919 loading class java/util/stream/MatchOps$BooleanTerminalSink done
Event: 4.921 loading class java/util/stream/MatchOps$1MatchSink
Event: 4.921 loading class java/util/stream/MatchOps$1MatchSink done
Event: 4.927 loading class java/io/UnsupportedEncodingException
Event: 4.927 loading class java/io/UnsupportedEncodingException done
Event: 4.927 loading class java/lang/AssertionError
Event: 4.927 loading class java/lang/AssertionError done
Event: 4.930 loading class java/util/Formatter$FixedString
Event: 4.931 loading class java/util/Formatter$FixedString done
Event: 4.946 loading class java/net/URLEncoder
Event: 4.946 loading class java/net/URLEncoder done
Event: 4.946 loading class java/util/BitSet
Event: 4.947 loading class java/util/BitSet done


Dynamic libraries:
0x00007ff689c90000 - 0x00007ff689ca0000 	C:\Program Files\Java\jdk-17\bin\java.exe
0x00007ffcd00f0000 - 0x00007ffcd0304000 	C:\WINDOWS\SYSTEM32\ntdll.dll
0x00007ffccf7f0000 - 0x00007ffccf8b3000 	C:\WINDOWS\System32\KERNEL32.DLL
0x00007ffccd730000 - 0x00007ffccdacd000 	C:\WINDOWS\System32\KERNELBASE.dll
0x00007ffccdd50000 - 0x00007ffccde61000 	C:\WINDOWS\System32\ucrtbase.dll
0x00007ffcaacd0000 - 0x00007ffcaaceb000 	C:\Program Files\Java\jdk-17\bin\VCRUNTIME140.dll
0x00007ffcc0600000 - 0x00007ffcc0618000 	C:\Program Files\Java\jdk-17\bin\jli.dll
0x00007ffccfec0000 - 0x00007ffccff6e000 	C:\WINDOWS\System32\ADVAPI32.dll
0x00007ffccef10000 - 0x00007ffccefb7000 	C:\WINDOWS\System32\msvcrt.dll
0x00007ffccdee0000 - 0x00007ffccdf84000 	C:\WINDOWS\System32\sechost.dll
0x00007ffccfa30000 - 0x00007ffccfb45000 	C:\WINDOWS\System32\RPCRT4.dll
0x00007ffccfd10000 - 0x00007ffccfebd000 	C:\WINDOWS\System32\USER32.dll
0x00007ffccd510000 - 0x00007ffccd536000 	C:\WINDOWS\System32\win32u.dll
0x00007ffcb5960000 - 0x00007ffcb5bee000 	C:\WINDOWS\WinSxS\amd64_microsoft.windows.common-controls_6595b64144ccf1df_6.0.22621.608_none_a9444ca7c10bb01d\COMCTL32.dll
0x00007ffccf790000 - 0x00007ffccf7b9000 	C:\WINDOWS\System32\GDI32.dll
0x00007ffccdc30000 - 0x00007ffccdd42000 	C:\WINDOWS\System32\gdi32full.dll
0x00007ffccdb90000 - 0x00007ffccdc2a000 	C:\WINDOWS\System32\msvcp_win.dll
0x00007ffcc0040000 - 0x00007ffcc004a000 	C:\WINDOWS\SYSTEM32\VERSION.dll
0x00007ffcce010000 - 0x00007ffcce042000 	C:\WINDOWS\System32\IMM32.DLL
0x00007ffcc0cf0000 - 0x00007ffcc0cfc000 	C:\Program Files\Java\jdk-17\bin\vcruntime140_1.dll
0x00007ffc9fec0000 - 0x00007ffc9ff4e000 	C:\Program Files\Java\jdk-17\bin\msvcp140.dll
0x00007ffc3b980000 - 0x00007ffc3c557000 	C:\Program Files\Java\jdk-17\bin\server\jvm.dll
0x00007ffccf7e0000 - 0x00007ffccf7e8000 	C:\WINDOWS\System32\PSAPI.DLL
0x00007ffcbeb00000 - 0x00007ffcbeb09000 	C:\WINDOWS\SYSTEM32\WSOCK32.dll
0x00007ffccf2f0000 - 0x00007ffccf361000 	C:\WINDOWS\System32\WS2_32.dll
0x00007ffcbe470000 - 0x00007ffcbe4a4000 	C:\WINDOWS\SYSTEM32\WINMM.dll
0x00007ffccc560000 - 0x00007ffccc578000 	C:\WINDOWS\SYSTEM32\kernel.appcore.dll
0x00007ffca9ac0000 - 0x00007ffca9aca000 	C:\Program Files\Java\jdk-17\bin\jimage.dll
0x00007ffccaf60000 - 0x00007ffccb18e000 	C:\WINDOWS\SYSTEM32\DBGHELP.DLL
0x00007ffccf400000 - 0x00007ffccf78a000 	C:\WINDOWS\System32\combase.dll
0x00007ffcce050000 - 0x00007ffcce127000 	C:\WINDOWS\System32\OLEAUT32.dll
0x00007ffcc0c90000 - 0x00007ffcc0cc2000 	C:\WINDOWS\SYSTEM32\dbgcore.DLL
0x00007ffccd6b0000 - 0x00007ffccd72b000 	C:\WINDOWS\System32\bcryptPrimitives.dll
0x00007ffc9fe60000 - 0x00007ffc9fe85000 	C:\Program Files\Java\jdk-17\bin\java.dll
0x00007ffc7be70000 - 0x00007ffc7bf47000 	C:\Program Files\Java\jdk-17\bin\jsvml.dll
0x00007ffcce720000 - 0x00007ffccef0f000 	C:\WINDOWS\System32\SHELL32.dll
0x00007ffccb530000 - 0x00007ffccbdf8000 	C:\WINDOWS\SYSTEM32\windows.storage.dll
0x00007ffccb3f0000 - 0x00007ffccb52e000 	C:\WINDOWS\SYSTEM32\wintypes.dll
0x00007ffccefc0000 - 0x00007ffccf0b1000 	C:\WINDOWS\System32\SHCORE.dll
0x00007ffcce230000 - 0x00007ffcce28e000 	C:\WINDOWS\System32\shlwapi.dll
0x00007ffccd440000 - 0x00007ffccd461000 	C:\WINDOWS\SYSTEM32\profapi.dll
0x00007ffc9fe40000 - 0x00007ffc9fe59000 	C:\Program Files\Java\jdk-17\bin\net.dll
0x00007ffcbff10000 - 0x00007ffcc003f000 	C:\WINDOWS\SYSTEM32\WINHTTP.dll
0x00007ffccc9d0000 - 0x00007ffccca39000 	C:\WINDOWS\system32\mswsock.dll
0x00007ffc9fe20000 - 0x00007ffc9fe36000 	C:\Program Files\Java\jdk-17\bin\nio.dll
0x00007ffc9fe00000 - 0x00007ffc9fe18000 	C:\Program Files\Java\jdk-17\bin\zip.dll
0x00007ffca4b30000 - 0x00007ffca4b3a000 	C:\Program Files\Java\jdk-17\bin\management.dll
0x00007ffca44c0000 - 0x00007ffca44cb000 	C:\Program Files\Java\jdk-17\bin\management_ext.dll
0x00007ffca7fb0000 - 0x00007ffca7fc0000 	C:\Program Files\Java\jdk-17\bin\verify.dll

dbghelp: loaded successfully - version: 4.0.5 - missing functions: none
symbol engine: initialized successfully - sym options: 0x614 - pdb path: .;C:\Program Files\Java\jdk-17\bin;C:\WINDOWS\SYSTEM32;C:\WINDOWS\WinSxS\amd64_microsoft.windows.common-controls_6595b64144ccf1df_6.0.22621.608_none_a9444ca7c10bb01d;C:\Program Files\Java\jdk-17\bin\server

VM Arguments:
java_command: C:\Users\natha\AppData\Local\Temp\surefire15553357370866989066\surefirebooter197752506881621500.jar C:\Users\natha\AppData\Local\Temp\surefire15553357370866989066 2023-01-25T15-52-23_249-jvmRun1 surefire10325362208931453076tmp surefire_02064463740519887350tmp
java_class_path (initial): C:\Users\natha\AppData\Local\Temp\surefire15553357370866989066\surefirebooter197752506881621500.jar
Launcher Type: SUN_STANDARD

[Global flags]
     intx CICompilerCount                          = 2                                         {product} {ergonomic}
     uint ConcGCThreads                            = 1                                         {product} {ergonomic}
     uint G1ConcRefinementThreads                  = 2                                         {product} {ergonomic}
   size_t G1HeapRegionSize                         = 1048576                                   {product} {ergonomic}
    uintx GCDrainStackTargetSize                   = 64                                        {product} {ergonomic}
   size_t InitialHeapSize                          = 62914560                                  {product} {ergonomic}
   size_t MarkStackSize                            = 4194304                                   {product} {ergonomic}
   size_t MaxHeapSize                              = 981467136                                 {product} {ergonomic}
   size_t MaxNewSize                               = 588251136                                 {product} {ergonomic}
   size_t MinHeapDeltaBytes                        = 1048576                                   {product} {ergonomic}
   size_t MinHeapSize                              = 8388608                                   {product} {ergonomic}
    uintx NonNMethodCodeHeapSize                   = 5826188                                {pd product} {ergonomic}
    uintx NonProfiledCodeHeapSize                  = 122916026                              {pd product} {ergonomic}
    uintx ProfiledCodeHeapSize                     = 122916026                              {pd product} {ergonomic}
    uintx ReservedCodeCacheSize                    = 251658240                              {pd product} {ergonomic}
     bool SegmentedCodeCache                       = true                                      {product} {ergonomic}
   size_t SoftMaxHeapSize                          = 981467136                              {manageable} {ergonomic}
     bool UseCompressedClassPointers               = true                           {product lp64_product} {ergonomic}
     bool UseCompressedOops                        = true                           {product lp64_product} {ergonomic}
     bool UseG1GC                                  = true                                      {product} {ergonomic}
     bool UseLargePagesIndividualAllocation        = false                                  {pd product} {ergonomic}

Logging:
Log output configuration:
 #0: stdout all=warning uptime,level,tags
 #1: stderr all=off uptime,level,tags

Environment Variables:
JAVA_HOME=C:\Program Files\Java\jdk-17
PATH=C:\Program Files\Common Files\Oracle\Java\javapath;C:\Program Files (x86)\Common Files\Oracle\Java\javapath;C:\WINDOWS\system32;C:\WINDOWS;C:\WINDOWS\System32\Wbem;C:\WINDOWS\System32\WindowsPowerShell\v1.0\;C:\WINDOWS\System32\OpenSSH\;C:\Program Files\MySQL\MySQL Shell 8.0\bin\;C:\Users\natha\AppData\Local\Microsoft\WindowsApps;
USERNAME=natha
OS=Windows_NT
PROCESSOR_IDENTIFIER=Intel64 Family 6 Model 122 Stepping 8, GenuineIntel



---------------  S Y S T E M  ---------------

OS:
 Windows 11 , 64 bit Build 22621 (10.0.22621.1105)
OS uptime: 2 days 3:51 hours

CPU: total 2 (initial active 2) (2 cores per cpu, 1 threads per core) family 6 model 122 stepping 8 microcode 0x20, cx8, cmov, fxsr, mmx, 3dnowpref, sse, sse2, sse3, ssse3, sse4.1, sse4.2, popcnt, tsc, tscinvbit, aes, erms, clmul, sha, clflush, clflushopt

Memory: 4k page, system-wide physical 3737M (250M free)
TotalPageFile size 15001M (AvailPageFile size 123M)
current process WorkingSet (physical memory assigned to process): 58M, peak: 58M
current process commit charge ("private bytes"): 140M, peak: 141M

vm_info: Java HotSpot(TM) 64-Bit Server VM (17.0.6+9-LTS-190) for windows-amd64 JRE (17.0.6+9-LTS-190), built on Dec  6 2022 15:53:54 by "mach5one" with MS VC++ 17.1 (VS2022)

END.
